<?xml version="1.0" encoding="UTF-8"?>
<!-- Generated by org.testng.reporters.JUnitReportReporter -->
<testsuite hostname="DESKTOP-F41Q871" failures="0" tests="2" name="NewProject.Selenium.GooglePlay" time="0.458" errors="0" timestamp="2022-03-20T19:07:07 EET" skipped="0">
  <testcase classname="NewProject.Selenium.GooglePlay" name="assertApps" time="0.438"/>
  <system-out/>
  <testcase classname="NewProject.Selenium.GooglePlay" name="assertTitle" time="0.020"/>
  <system-out/>
</testsuite> <!-- NewProject.Selenium.GooglePlay -->
